2024-09-22 22:05:10 [INFO] LOG_FILE and GITHUB_TOKEN environment variables are set.
2024-09-22 22:08:30 [INFO] LOG_FILE and GITHUB_TOKEN environment variables are set.
2024-09-22 22:08:30 [INFO] Getting run mode...
2024-09-22 22:08:30 [INFO] Processing URLs...
2024-09-22 22:08:37 [INFO] Generating JSON output...
2024-09-22 22:08:40 [INFO] Generating JSON output...
2024-09-22 22:08:41 [INFO] Generating JSON output...
2024-09-22 22:08:42 [INFO] Generating JSON output...
2024-09-22 22:08:43 [INFO] Generating JSON output...
2024-09-22 22:09:09 [INFO] LOG_FILE and GITHUB_TOKEN environment variables are set.
2024-09-22 22:09:09 [INFO] Getting run mode...
2024-09-22 22:09:09 [INFO] Processing URLs...
2024-09-22 22:09:14 [INFO] Generating JSON output for URL: https://github.com/nullivex/nodist
2024-09-22 22:09:16 [INFO] Generating JSON output for URL: https://github.com/lodash/lodash
2024-09-22 22:09:18 [INFO] Generating JSON output for URL: https://github.com/browserify/browserify
2024-09-22 22:09:19 [INFO] Generating JSON output for URL: https://github.com/expressjs/express
2024-09-22 22:09:21 [INFO] Generating JSON output for URL: https://github.com/cloudinary/cloudinary_npm
2024-09-22 22:12:22 [INFO] LOG_FILE and GITHUB_TOKEN environment variables are set.
2024-09-22 22:12:22 [INFO] Getting URLs...
2024-09-22 22:12:22 [INFO] Processing URLs...
2024-09-22 22:12:22 [INFO] Finished processing URLs
2024-09-22 22:12:30 [INFO] Generating JSON output for URL: https://github.com/nullivex/nodist
2024-09-22 22:12:33 [INFO] Generating JSON output for URL: https://github.com/lodash/lodash
2024-09-22 22:12:34 [INFO] Generating JSON output for URL: https://github.com/expressjs/express
2024-09-22 22:12:35 [INFO] Generating JSON output for URL: https://github.com/browserify/browserify
2024-09-22 22:12:37 [INFO] Generating JSON output for URL: https://github.com/cloudinary/cloudinary_npm
